Copyright 1986-2020 Xilinx, Inc. All Rights Reserved.
------------------------------------------------------------------------------------
| Tool Version : Vivado v.2020.2 (lin64) Build 3064766 Wed Nov 18 09:12:47 MST 2020
| Date         : Sun Aug 29 21:32:28 2021
| Host         : P3nt1um running 64-bit Ubuntu 20.04.3 LTS
| Command      : report_clock_utilization -file Top_clock_utilization_routed.rpt
| Design       : Top
| Device       : 7k325t-ffg676
| Speed File   : -1  PRODUCTION 1.12 2017-02-17
| Design State : Routed
------------------------------------------------------------------------------------

Clock Utilization Report

Table of Contents
-----------------
1. Clock Primitive Utilization
2. Global Clock Resources
3. Global Clock Source Details
4. Local Clock Details
5. Clock Regions: Key Resource Utilization
6. Clock Regions : Global Clock Summary
7. Device Cell Placement Summary for Global Clock g0
8. Device Cell Placement Summary for Global Clock g1
9. Device Cell Placement Summary for Global Clock g2
10. Device Cell Placement Summary for Global Clock g3
11. Device Cell Placement Summary for Global Clock g4
12. Device Cell Placement Summary for Global Clock g5
13. Device Cell Placement Summary for Global Clock g6
14. Device Cell Placement Summary for Global Clock g7
15. Device Cell Placement Summary for Global Clock g8
16. Device Cell Placement Summary for Global Clock g9
17. Device Cell Placement Summary for Global Clock g10
18. Device Cell Placement Summary for Global Clock g11
19. Device Cell Placement Summary for Global Clock g12
20. Device Cell Placement Summary for Global Clock g13
21. Clock Region Cell Placement per Global Clock: Region X0Y0
22. Clock Region Cell Placement per Global Clock: Region X1Y0
23. Clock Region Cell Placement per Global Clock: Region X0Y1
24. Clock Region Cell Placement per Global Clock: Region X1Y1
25. Clock Region Cell Placement per Global Clock: Region X0Y2
26. Clock Region Cell Placement per Global Clock: Region X1Y2
27. Clock Region Cell Placement per Global Clock: Region X0Y3
28. Clock Region Cell Placement per Global Clock: Region X1Y3

1. Clock Primitive Utilization
------------------------------

+----------+------+-----------+-----+--------------+--------+
| Type     | Used | Available | LOC | Clock Region | Pblock |
+----------+------+-----------+-----+--------------+--------+
| BUFGCTRL |   12 |        32 |   0 |            0 |      4 |
| BUFH     |    2 |       168 |   0 |            0 |      1 |
| BUFIO    |    0 |        40 |   0 |            0 |      0 |
| BUFMR    |    0 |        20 |   0 |            0 |      0 |
| BUFR     |    0 |        40 |   0 |            0 |      0 |
| MMCM     |    3 |        10 |   1 |            0 |      2 |
| PLL      |    1 |        10 |   1 |            0 |      1 |
+----------+------+-----------+-----+--------------+--------+


2. Global Clock Resources
-------------------------

+-----------+-----------+-----------------+------------+----------------+--------------+-------------------+-------------+-----------------+--------------+---------------------+-------------------------------------------------------------------------------------------+---------------------------------------------------------------------------------------------+
| Global Id | Source Id | Driver Type/Pin | Constraint | Site           | Clock Region | Load Clock Region | Clock Loads | Non-Clock Loads | Clock Period | Clock               | Driver Pin                                                                                | Net                                                                                         |
+-----------+-----------+-----------------+------------+----------------+--------------+-------------------+-------------+-----------------+--------------+---------------------+-------------------------------------------------------------------------------------------+---------------------------------------------------------------------------------------------+
| g0        | src0      | BUFG/O          | PBlock     | BUFGCTRL_X0Y0  | n/a          |                 3 |        9094 |               0 |        5.000 | clk_pll_i           | ddr3/u_DDR3/u_DDR3_mig/u_ddr3_infrastructure/u_bufg_clkdiv0/O                             | ddr3/u_DDR3/u_DDR3_mig/u_ddr3_infrastructure/CLK                                            |
| g1        | src1      | BUFG/O          | None       | BUFGCTRL_X0Y1  | n/a          |                 6 |        4207 |               1 |       10.000 | clkCPU_ClockGen     | infrastructure/C0/inst/clkout3_buf/O                                                      | infrastructure/C0/inst/clkCPU                                                               |
| g2        | src2      | BUFHCE/O        | None       | BUFHCE_X0Y0    | X0Y0         |                 1 |         651 |               0 |       10.000 | clk_100M_ClockGen   | sdc/sd/infrastructure/sdclk_buf/O                                                         | sdc/sd/infrastructure/CLK                                                                   |
| g3        | src3      | BUFG/O          | None       | BUFGCTRL_X0Y2  | n/a          |                 5 |         161 |               0 |       10.000 | clk_100M_ClockGen   | infrastructure/C0/inst/clkout2_buf/O                                                      | infrastructure/C0/inst/clk_100M                                                             |
| g4        | src4      | BUFG/O          | None       | BUFGCTRL_X0Y10 | n/a          |                 2 |         135 |               0 |       17.361 | clkUART_ClockGen    | infrastructure/C0/inst/clkout1_buf/O                                                      | infrastructure/C0/inst/clkUART                                                              |
| g5        | src5      | BUFG/O          | None       | BUFGCTRL_X0Y3  | n/a          |                 3 |         111 |               1 |              |                     | sr_clk_fwd_i_1__0/O                                                                       | sr_clk_fwd_i_1__0_n_0                                                                       |
| g6        | src6      | BUFG/O          | None       | BUFGCTRL_X0Y4  | n/a          |                 5 |         101 |               2 |              |                     | anode_OBUF_BUFG[1]_inst/O                                                                 | anode_OBUF_BUFG[1]                                                                          |
| g7        | src7      | BUFG/O          | None       | BUFGCTRL_X0Y5  | n/a          |                 4 |          97 |               0 |       40.000 | clkVGA_ClockGen     | infrastructure/C0/inst/clkout4_buf/O                                                      | infrastructure/C0/inst/clkVGA                                                               |
| g8        | src8      | BUFG/O          | None       | BUFGCTRL_X0Y6  | n/a          |                 2 |          85 |               0 |       10.000 | clkCPU_ClockGen     | coren_0_6314_BUFG_inst/O                                                                  | coren_0_6314_BUFG                                                                           |
| g9        | src9      | BUFG/O          | PBlock     | BUFGCTRL_X0Y7  | n/a          |                 3 |          60 |               0 |        5.000 | sysclk_p            | ddr3/u_DDR3/u_DDR3_mig/u_iodelay_ctrl/clk_ref_200.u_bufg_clk_ref/O                        | ddr3/u_DDR3/u_DDR3_mig/u_iodelay_ctrl/CLK                                                   |
| g10       | src10     | BUFG/O          | PBlock     | BUFGCTRL_X0Y8  | n/a          |                 2 |          18 |               0 |       10.000 | mmcm_ps_clk_bufg_in | ddr3/u_DDR3/u_DDR3_mig/u_ddr3_infrastructure/gen_mmcm.u_bufg_mmcm_ps_clk/O                | ddr3/u_DDR3/u_DDR3_mig/u_ddr3_infrastructure/mmcm_ps_clk                                    |
| g11       | src11     | BUFG/O          | PBlock     | BUFGCTRL_X0Y9  | n/a          |                 1 |          16 |               0 |        3.333 | clk_ref_mmcm_300    | ddr3/u_DDR3/u_DDR3_mig/u_iodelay_ctrl/clk_ref_300_400_en.clk_ref_300.u_bufg_clk_ref_300/O | ddr3/u_DDR3/u_DDR3_mig/u_iodelay_ctrl/clk_ref_300_400_en.clk_ref_300.u_bufg_clk_ref_300_n_0 |
| g12       | src12     | BUFH/O          | PBlock     | BUFHCE_X1Y12   | X1Y1         |                 1 |           1 |               0 |        5.000 | pll_clk3_out        | ddr3/u_DDR3/u_DDR3_mig/u_ddr3_infrastructure/u_bufh_pll_clk3/O                            | ddr3/u_DDR3/u_DDR3_mig/u_ddr3_infrastructure/pll_clk3                                       |
| g13       | src13     | BUFG/O          | None       | BUFGCTRL_X0Y11 | n/a          |                 1 |           1 |               0 |        5.000 | clkfbout_ClockGen   | infrastructure/C0/inst/clkf_buf/O                                                         | infrastructure/C0/inst/clkfbout_buf_ClockGen                                                |
+-----------+-----------+-----------------+------------+----------------+--------------+-------------------+-------------+-----------------+--------------+---------------------+-------------------------------------------------------------------------------------------+---------------------------------------------------------------------------------------------+
* Clock Loads column represents the clock pin loads (pin count)
** Non-Clock Loads column represents the non-clock pin loads (pin count)


3. Global Clock Source Details
------------------------------

+-----------+-----------+---------------------+------------------+-----------------+--------------+-------------+-----------------+---------------------+---------------------+-------------------------------------------------------------------------+------------------------------------------------------------------+
| Source Id | Global Id | Driver Type/Pin     | Constraint       | Site            | Clock Region | Clock Loads | Non-Clock Loads | Source Clock Period | Source Clock        | Driver Pin                                                              | Net                                                              |
+-----------+-----------+---------------------+------------------+-----------------+--------------+-------------+-----------------+---------------------+---------------------+-------------------------------------------------------------------------+------------------------------------------------------------------+
| src0      | g0        | MMCME2_ADV/CLKFBOUT | MMCME2_ADV_X1Y1* | MMCME2_ADV_X1Y1 | X1Y1         |           1 |               0 |               5.000 | clk_pll_i           | ddr3/u_DDR3/u_DDR3_mig/u_ddr3_infrastructure/gen_mmcm.mmcm_i/CLKFBOUT   | ddr3/u_DDR3/u_DDR3_mig/u_ddr3_infrastructure/clk_pll_i           |
| src1      | g1        | MMCME2_ADV/CLKOUT2  | None             | MMCME2_ADV_X0Y3 | X0Y3         |           1 |               0 |              10.000 | clkCPU_ClockGen     | infrastructure/C0/inst/mmcm_adv_inst/CLKOUT2                            | infrastructure/C0/inst/clkCPU_ClockGen                           |
| src2      | g2        | BUFG/O              | None             | BUFGCTRL_X0Y2   | n/a          |         189 |               0 |              10.000 | clk_100M_ClockGen   | infrastructure/C0/inst/clkout2_buf/O                                    | infrastructure/C0/inst/clk_100M                                  |
| src3      | g3        | MMCME2_ADV/CLKOUT1  | None             | MMCME2_ADV_X0Y3 | X0Y3         |           1 |               0 |              10.000 | clk_100M_ClockGen   | infrastructure/C0/inst/mmcm_adv_inst/CLKOUT1                            | infrastructure/C0/inst/clk_100M_ClockGen                         |
| src4      | g4        | MMCME2_ADV/CLKOUT0  | None             | MMCME2_ADV_X0Y3 | X0Y3         |           1 |               0 |              17.361 | clkUART_ClockGen    | infrastructure/C0/inst/mmcm_adv_inst/CLKOUT0                            | infrastructure/C0/inst/clkUART_ClockGen                          |
| src5      | g5        | FDRE/Q              | None             | SLICE_X82Y107   | X1Y2         |           1 |               0 |                     |                     | infrastructure/clkdiv_reg[3]/Q                                          | infrastructure/clkdiv_reg[3]_0                                   |
| src6      | g6        | FDRE/Q              | None             | SLICE_X82Y110   | X1Y2         |           1 |              10 |                     |                     | infrastructure/clkdiv_reg[15]/Q                                         | infrastructure/anode_OBUF[1]                                     |
| src7      | g7        | MMCME2_ADV/CLKOUT3  | None             | MMCME2_ADV_X0Y3 | X0Y3         |           1 |               0 |              40.000 | clkVGA_ClockGen     | infrastructure/C0/inst/mmcm_adv_inst/CLKOUT3                            | infrastructure/C0/inst/clkVGA_ClockGen                           |
| src8      | g8        | LUT1/O              | None             | SLICE_X80Y196   | X1Y3         |           1 |               0 |              10.000 | clkCPU_ClockGen     | coren_0_6314_BUFG_inst_i_1/O                                            | coren_0_6314_BUFG_inst_n_0                                       |
| src9      | g9        | IBUFDS/O            | IOB_X1Y24*       | IOB_X1Y24       | X1Y0         |           3 |               0 |               5.000 | sysclk_p            | ddr3/u_DDR3/u_DDR3_mig/u_ddr3_clk_ibuf/diff_input_clk.u_ibufg_sys_clk/O | ddr3/u_DDR3/u_DDR3_mig/u_ddr3_clk_ibuf/sys_clk_ibufg             |
| src10     | g10       | MMCME2_ADV/CLKOUT0  | MMCME2_ADV_X1Y1* | MMCME2_ADV_X1Y1 | X1Y1         |           1 |               0 |              10.000 | mmcm_ps_clk_bufg_in | ddr3/u_DDR3/u_DDR3_mig/u_ddr3_infrastructure/gen_mmcm.mmcm_i/CLKOUT0    | ddr3/u_DDR3/u_DDR3_mig/u_ddr3_infrastructure/mmcm_ps_clk_bufg_in |
| src11     | g11       | MMCME2_ADV/CLKOUT0  | PBlock           | MMCME2_ADV_X1Y2 | X1Y2         |           1 |               0 |               3.333 | clk_ref_mmcm_300    | ddr3/u_DDR3/u_DDR3_mig/u_iodelay_ctrl/clk_ref_mmcm_gen.mmcm_i/CLKOUT0   | ddr3/u_DDR3/u_DDR3_mig/u_iodelay_ctrl/clk_ref_mmcm_300           |
| src12     | g12       | PLLE2_ADV/CLKOUT3   | PLLE2_ADV_X1Y1*  | PLLE2_ADV_X1Y1  | X1Y1         |           1 |               0 |               5.000 | pll_clk3_out        | ddr3/u_DDR3/u_DDR3_mig/u_ddr3_infrastructure/plle2_i/CLKOUT3            | ddr3/u_DDR3/u_DDR3_mig/u_ddr3_infrastructure/pll_clk3_out        |
| src13     | g13       | MMCME2_ADV/CLKFBOUT | None             | MMCME2_ADV_X0Y3 | X0Y3         |           1 |               0 |               5.000 | clkfbout_ClockGen   | infrastructure/C0/inst/mmcm_adv_inst/CLKFBOUT                           | infrastructure/C0/inst/clkfbout_ClockGen                         |
+-----------+-----------+---------------------+------------------+-----------------+--------------+-------------+-----------------+---------------------+---------------------+-------------------------------------------------------------------------+------------------------------------------------------------------+
* Clock Loads column represents the clock pin loads (pin count)
** Non-Clock Loads column represents the non-clock pin loads (pin count)
*** In Constraint column, symbol '*' indicates multiple constraint types applied to the clock source. Please check for potential conflicts.


4. Local Clock Details
----------------------

+----------+----------------------------+-----------------------+-------------------------------------+--------------+-------------+-----------------+--------------+---------------+---------------------------------------------------------------------------------------------------------------------------------------------------------------------------------------------+------------------------------------------------------------------------------------------------------------------------------------------------------------------------------------------+
| Local Id | Driver Type/Pin            | Constraint            | Site/BEL                            | Clock Region | Clock Loads | Non-Clock Loads | Clock Period | Clock         | Driver Pin                                                                                                                                                                                  | Net                                                                                                                                                                                      |
+----------+----------------------------+-----------------------+-------------------------------------+--------------+-------------+-----------------+--------------+---------------+---------------------------------------------------------------------------------------------------------------------------------------------------------------------------------------------+------------------------------------------------------------------------------------------------------------------------------------------------------------------------------------------||
| 0        | PLLE2_ADV/CLKOUT0          | PLLE2_ADV_X1Y1*       | PLLE2_ADV_X1Y1/PLLE2_ADV            | X1Y1         |           9 |               4 |        1.250 | freq_refclk   | ddr3/u_DDR3/u_DDR3_mig/u_ddr3_infrastructure/plle2_i/CLKOUT0                                                                                                                                | ddr3/u_DDR3/u_DDR3_mig/u_ddr3_infrastructure/freq_refclk                                                                                                                                 - Static -
| 1        | PLLE2_ADV/CLKOUT1          | PLLE2_ADV_X1Y1*       | PLLE2_ADV_X1Y1/PLLE2_ADV            | X1Y1         |           2 |              11 |        1.250 | mem_refclk    | ddr3/u_DDR3/u_DDR3_mig/u_ddr3_infrastructure/plle2_i/CLKOUT1                                                                                                                                | ddr3/u_DDR3/u_DDR3_mig/u_ddr3_infrastructure/mem_refclk                                                                                                                                  - Static -
| 2        | PHASER_OUT_PHY/OCLKDELAYED | PHASER_OUT_PHY_X1Y8*  | PHASER_OUT_PHY_X1Y8/PHASER_OUT_PHY  | X1Y2         |           2 |               0 |        1.250 | oserdes_clk   | ddr3/u_DDR3/u_DDR3_mig/u_memc_ui_top_std/mem_intfc0/ddr_phy_top0/u_ddr_mc_phy_wrapper/u_ddr_mc_phy/ddr_phy_4lanes_0.u_ddr_phy_4lanes/ddr_byte_lane_A.ddr_byte_lane_A/phaser_out/OCLKDELAYED | ddr3/u_DDR3/u_DDR3_mig/u_memc_ui_top_std/mem_intfc0/ddr_phy_top0/u_ddr_mc_phy_wrapper/u_ddr_mc_phy/ddr_phy_4lanes_0.u_ddr_phy_4lanes/ddr_byte_lane_A.ddr_byte_lane_A/oserdes_clk_delayed - Static -
| 3        | PHASER_OUT_PHY/OCLKDELAYED | PHASER_OUT_PHY_X1Y9*  | PHASER_OUT_PHY_X1Y9/PHASER_OUT_PHY  | X1Y2         |           2 |               0 |        1.250 | oserdes_clk_1 | ddr3/u_DDR3/u_DDR3_mig/u_memc_ui_top_std/mem_intfc0/ddr_phy_top0/u_ddr_mc_phy_wrapper/u_ddr_mc_phy/ddr_phy_4lanes_0.u_ddr_phy_4lanes/ddr_byte_lane_B.ddr_byte_lane_B/phaser_out/OCLKDELAYED | ddr3/u_DDR3/u_DDR3_mig/u_memc_ui_top_std/mem_intfc0/ddr_phy_top0/u_ddr_mc_phy_wrapper/u_ddr_mc_phy/ddr_phy_4lanes_0.u_ddr_phy_4lanes/ddr_byte_lane_B.ddr_byte_lane_B/oserdes_clk_delayed - Static -
| 4        | PHASER_OUT_PHY/OCLKDELAYED | PHASER_OUT_PHY_X1Y10* | PHASER_OUT_PHY_X1Y10/PHASER_OUT_PHY | X1Y2         |           2 |               0 |        1.250 | oserdes_clk_2 | ddr3/u_DDR3/u_DDR3_mig/u_memc_ui_top_std/mem_intfc0/ddr_phy_top0/u_ddr_mc_phy_wrapper/u_ddr_mc_phy/ddr_phy_4lanes_0.u_ddr_phy_4lanes/ddr_byte_lane_C.ddr_byte_lane_C/phaser_out/OCLKDELAYED | ddr3/u_DDR3/u_DDR3_mig/u_memc_ui_top_std/mem_intfc0/ddr_phy_top0/u_ddr_mc_phy_wrapper/u_ddr_mc_phy/ddr_phy_4lanes_0.u_ddr_phy_4lanes/ddr_byte_lane_C.ddr_byte_lane_C/oserdes_clk_delayed - Static -
| 5        | PHASER_OUT_PHY/OCLKDELAYED | PHASER_OUT_PHY_X1Y11* | PHASER_OUT_PHY_X1Y11/PHASER_OUT_PHY | X1Y2         |           2 |               0 |        1.250 | oserdes_clk_3 | ddr3/u_DDR3/u_DDR3_mig/u_memc_ui_top_std/mem_intfc0/ddr_phy_top0/u_ddr_mc_phy_wrapper/u_ddr_mc_phy/ddr_phy_4lanes_0.u_ddr_phy_4lanes/ddr_byte_lane_D.ddr_byte_lane_D/phaser_out/OCLKDELAYED | ddr3/u_DDR3/u_DDR3_mig/u_memc_ui_top_std/mem_intfc0/ddr_phy_top0/u_ddr_mc_phy_wrapper/u_ddr_mc_phy/ddr_phy_4lanes_0.u_ddr_phy_4lanes/ddr_byte_lane_D.ddr_byte_lane_D/oserdes_clk_delayed - Static -
+----------+----------------------------+-----------------------+-------------------------------------+--------------+-------------+-----------------+--------------+---------------+---------------------------------------------------------------------------------------------------------------------------------------------------------------------------------------------+------------------------------------------------------------------------------------------------------------------------------------------------------------------------------------------||
* Local Clocks in this context represents only clocks driven by non-global buffers
** Clock Loads column represents the clock pin loads (pin count)
*** Non-Clock Loads column represents the non-clock pin loads (pin count)
**** In Constraint column, symbol '*' indicates multiple constraint types applied to the clock driver. Please check for potential conflicts.


5. Clock Regions: Key Resource Utilization
------------------------------------------

+-------------------+--------------+--------------+--------------+--------------+--------------+--------------+--------------+--------------+--------------+--------------+--------------+--------------+--------------+--------------+--------------+
|                   | Global Clock |     BUFRs    |    BUFMRs    |    BUFIOs    |     MMCM     |      PLL     |      GT      |      PCI     |    ILOGIC    |    OLOGIC    |      FF      |     LUTM     |    RAMB18    |    RAMB36    |    DSP48E2   |
+-------------------+------+-------+------+-------+------+-------+------+-------+------+-------+------+-------+------+-------+------+-------+------+-------+------+-------+------+-------+------+-------+------+-------+------+-------+------+-------+
| Clock Region Name | Used | Avail | Used | Avail | Used | Avail | Used | Avail | Used | Avail | Used | Avail | Used | Avail | Used | Avail | Used | Avail | Used | Avail | Used | Avail | Used | Avail | Used | Avail | Used | Avail | Used | Avail |
+-------------------+------+-------+------+-------+------+-------+------+-------+------+-------+------+-------+------+-------+------+-------+------+-------+------+-------+------+-------+------+-------+------+-------+------+-------+------+-------+
| X0Y0              |    4 |    12 |    0 |     4 |    0 |     2 |    0 |     4 |    0 |     1 |    0 |     1 |    0 |     0 |    0 |     0 |    5 |    50 |   11 |    50 |  751 |  4000 |  261 |  1150 |    1 |    60 |    0 |    30 |    0 |    60 |
| X1Y0              |    5 |    12 |    0 |     4 |    0 |     2 |    0 |     4 |    0 |     1 |    0 |     1 |    0 |     0 |    0 |     0 |    0 |    50 |    0 |    50 |  426 |  3700 |  141 |  1200 |    1 |    80 |    4 |    40 |    0 |    60 |
| X0Y1              |    6 |    12 |    0 |     4 |    0 |     2 |    0 |     4 |    0 |     1 |    0 |     1 |    0 |     0 |    0 |     0 |    0 |    50 |   19 |    50 |  210 |  4000 |   46 |  1150 |    0 |    60 |    0 |    30 |    0 |    60 |
| X1Y1              |   10 |    12 |    0 |     4 |    0 |     2 |    0 |     4 |    1 |     1 |    0 |     1 |    0 |     0 |    0 |     0 |    0 |    50 |    0 |    50 | 7342 |  3700 | 1992 |  1200 |    0 |    80 |   32 |    40 |    3 |    60 |
| X0Y2              |    1 |    12 |    0 |     4 |    0 |     2 |    0 |     4 |    0 |     1 |    0 |     1 |    0 |     0 |    0 |     0 |    0 |    50 |    0 |    50 |    6 |  3400 |    3 |  1150 |    0 |    60 |    0 |    30 |    0 |    60 |
| X1Y2              |    9 |    12 |    0 |     4 |    0 |     2 |    0 |     4 |    0 |     1 |    0 |     1 |    0 |     0 |    0 |     0 |    4 |    50 |    8 |    50 | 5282 |  3700 | 1531 |  1200 |    0 |    80 |    5 |    40 |    0 |    60 |
| X0Y3              |    3 |    12 |    0 |     4 |    0 |     2 |    0 |     4 |    1 |     1 |    0 |     1 |    0 |     0 |    0 |     0 |    0 |    50 |    0 |    50 |    0 |  3400 |    0 |  1150 |    0 |    60 |    0 |    30 |    0 |    60 |
| X1Y3              |    1 |    12 |    0 |     0 |    0 |     0 |    0 |     0 |    0 |     0 |    0 |     0 |    0 |     4 |    0 |     1 |    0 |     0 |    0 |     0 |    0 |  3150 |    0 |  1050 |    0 |    50 |    0 |    25 |    0 |    60 |
| X0Y4              |    0 |    12 |    0 |     4 |    0 |     2 |    0 |     4 |    0 |     1 |    0 |     1 |    0 |     0 |    0 |     0 |    0 |    50 |    0 |    50 |    0 |  4000 |    0 |  1150 |    0 |    60 |    0 |    30 |    0 |    60 |
| X1Y4              |    0 |    12 |    0 |     0 |    0 |     0 |    0 |     0 |    0 |     0 |    0 |     0 |    0 |     4 |    0 |     0 |    0 |     0 |    0 |     0 |    0 |  3300 |    0 |  1100 |    0 |    60 |    0 |    30 |    0 |    60 |
| X0Y5              |    0 |    12 |    0 |     4 |    0 |     2 |    0 |     4 |    0 |     1 |    0 |     1 |    0 |     0 |    0 |     0 |    0 |    50 |    0 |    50 |    0 |  4000 |    0 |  1150 |    0 |    60 |    0 |    30 |    0 |    60 |
| X1Y5              |    0 |    12 |    0 |     0 |    0 |     0 |    0 |     0 |    0 |     0 |    0 |     0 |    0 |     4 |    0 |     0 |    0 |     0 |    0 |     0 |    0 |  3300 |    0 |  1100 |    0 |    60 |    0 |    30 |    0 |    60 |
| X0Y6              |    0 |    12 |    0 |     4 |    0 |     2 |    0 |     4 |    0 |     1 |    0 |     1 |    0 |     0 |    0 |     0 |    0 |    50 |    0 |    50 |    0 |  4000 |    0 |  1150 |    0 |    60 |    0 |    30 |    0 |    60 |
| X1Y6              |    0 |    12 |    0 |     0 |    0 |     0 |    0 |     0 |    0 |     0 |    0 |     0 |    0 |     4 |    0 |     0 |    0 |     0 |    0 |     0 |    0 |  3300 |    0 |  1100 |    0 |    60 |    0 |    30 |    0 |    60 |
+-------------------+------+-------+------+-------+------+-------+------+-------+------+-------+------+-------+------+-------+------+-------+------+-------+------+-------+------+-------+------+-------+------+-------+------+-------+------+-------+
* Global Clock column represents track count; while other columns represents cell counts


6. Clock Regions : Global Clock Summary
---------------------------------------

All Modules
+----+----+----+
|    | X0 | X1 |
+----+----+----+
| Y6 |  0 |  0 |
| Y5 |  0 |  0 |
| Y4 |  0 |  0 |
| Y3 |  3 |  1 |
| Y2 |  1 |  9 |
| Y1 |  6 | 10 |
| Y0 |  4 |  5 |
+----+----+----+


7. Device Cell Placement Summary for Global Clock g0
----------------------------------------------------

+-----------+-----------------+-------------------+-----------+-------------+---------------+-------------+----------+----------------+----------+--------------------------------------------------+
| Global Id | Driver Type/Pin | Driver Region (D) | Clock     | Period (ns) | Waveform (ns) | Slice Loads | IO Loads | Clocking Loads | GT Loads | Net                                              |
+-----------+-----------------+-------------------+-----------+-------------+---------------+-------------+----------+----------------+----------+--------------------------------------------------+
| g0        | BUFG/O          | n/a               | clk_pll_i |       5.000 | {0.000 2.500} |        8866 |        0 |              2 |        0 | ddr3/u_DDR3/u_DDR3_mig/u_ddr3_infrastructure/CLK |
+-----------+-----------------+-------------------+-----------+-------------+---------------+-------------+----------+----------------+----------+--------------------------------------------------+
* Slice Loads column represents load cell count of all cell types other than IO, GT and clock resources
** IO Loads column represents load cell count of IO types
*** Clocking Loads column represents load cell count that are clock resources (global clock buffer, MMCM, PLL, etc)
**** GT Loads column represents load cell count of GT types


+----+----+-------+-----------------------+
|    | X0 | X1    | HORIZONTAL PROG DELAY |
+----+----+-------+-----------------------+
| Y6 |  0 |     0 |                     0 |
| Y5 |  0 |     0 |                     0 |
| Y4 |  0 |     0 |                     0 |
| Y3 |  1 |     0 |                     0 |
| Y2 |  0 |  4893 |                     0 |
| Y1 |  0 |  3974 |                     0 |
| Y0 |  0 |     0 |                     0 |
+----+----+-------+-----------------------+


8. Device Cell Placement Summary for Global Clock g1
----------------------------------------------------

+-----------+-----------------+-------------------+-----------------+-------------+---------------+-------------+----------+----------------+----------+-------------------------------+
| Global Id | Driver Type/Pin | Driver Region (D) | Clock           | Period (ns) | Waveform (ns) | Slice Loads | IO Loads | Clocking Loads | GT Loads | Net                           |
+-----------+-----------------+-------------------+-----------------+-------------+---------------+-------------+----------+----------------+----------+-------------------------------+
| g1        | BUFG/O          | n/a               | clkCPU_ClockGen |      10.000 | {0.000 5.000} |        3928 |        0 |              0 |        0 | infrastructure/C0/inst/clkCPU |
+-----------+-----------------+-------------------+-----------------+-------------+---------------+-------------+----------+----------------+----------+-------------------------------+
* Slice Loads column represents load cell count of all cell types other than IO, GT and clock resources
** IO Loads column represents load cell count of IO types
*** Clocking Loads column represents load cell count that are clock resources (global clock buffer, MMCM, PLL, etc)
**** GT Loads column represents load cell count of GT types


+----+------+-------+-----------------------+
|    | X0   | X1    | HORIZONTAL PROG DELAY |
+----+------+-------+-----------------------+
| Y6 |    0 |     0 |                     0 |
| Y5 |    0 |     0 |                     0 |
| Y4 |    0 |     0 |                     0 |
| Y3 |    0 |     1 |                     0 |
| Y2 |    0 |   367 |                     0 |
| Y1 |  123 |  3034 |                     0 |
| Y0 |  129 |   274 |                     0 |
+----+------+-------+-----------------------+


9. Device Cell Placement Summary for Global Clock g2
----------------------------------------------------

+-----------+-----------------+-------------------+-------------------+-------------+---------------+-------------+----------+----------------+----------+---------------------------+
| Global Id | Driver Type/Pin | Driver Region (D) | Clock             | Period (ns) | Waveform (ns) | Slice Loads | IO Loads | Clocking Loads | GT Loads | Net                       |
+-----------+-----------------+-------------------+-------------------+-------------+---------------+-------------+----------+----------------+----------+---------------------------+
| g2        | BUFHCE/O        | X0Y0              | clk_100M_ClockGen |      10.000 | {0.000 5.000} |         651 |        0 |              0 |        0 | sdc/sd/infrastructure/CLK |
+-----------+-----------------+-------------------+-------------------+-------------+---------------+-------------+----------+----------------+----------+---------------------------+
* Slice Loads column represents load cell count of all cell types other than IO, GT and clock resources
** IO Loads column represents load cell count of IO types
*** Clocking Loads column represents load cell count that are clock resources (global clock buffer, MMCM, PLL, etc)
**** GT Loads column represents load cell count of GT types


+----+----------+----+-----------------------+
|    | X0       | X1 | HORIZONTAL PROG DELAY |
+----+----------+----+-----------------------+
| Y6 |        0 |  0 |                     0 |
| Y5 |        0 |  0 |                     0 |
| Y4 |        0 |  0 |                     0 |
| Y3 |        0 |  0 |                     0 |
| Y2 |        0 |  0 |                     0 |
| Y1 |        0 |  0 |                     0 |
| Y0 |  (D) 651 |  0 |                     0 |
+----+----------+----+-----------------------+


10. Device Cell Placement Summary for Global Clock g3
-----------------------------------------------------

+-----------+-----------------+-------------------+-------------------+-------------+---------------+-------------+----------+----------------+----------+---------------------------------+
| Global Id | Driver Type/Pin | Driver Region (D) | Clock             | Period (ns) | Waveform (ns) | Slice Loads | IO Loads | Clocking Loads | GT Loads | Net                             |
+-----------+-----------------+-------------------+-------------------+-------------+---------------+-------------+----------+----------------+----------+---------------------------------+
| g3        | BUFG/O          | n/a               | clk_100M_ClockGen |      10.000 | {0.000 5.000} |         156 |        0 |              1 |        0 | infrastructure/C0/inst/clk_100M |
+-----------+-----------------+-------------------+-------------------+-------------+---------------+-------------+----------+----------------+----------+---------------------------------+
* Slice Loads column represents load cell count of all cell types other than IO, GT and clock resources
** IO Loads column represents load cell count of IO types
*** Clocking Loads column represents load cell count that are clock resources (global clock buffer, MMCM, PLL, etc)
**** GT Loads column represents load cell count of GT types


+----+-----+-----+-----------------------+
|    | X0  | X1  | HORIZONTAL PROG DELAY |
+----+-----+-----+-----------------------+
| Y6 |   0 |   0 |                     0 |
| Y5 |   0 |   0 |                     0 |
| Y4 |   0 |   0 |                     0 |
| Y3 |   0 |   0 |                     0 |
| Y2 |   0 |  18 |                     0 |
| Y1 |  21 |  60 |                     0 |
| Y0 |   3 |  55 |                     0 |
+----+-----+-----+-----------------------+


11. Device Cell Placement Summary for Global Clock g4
-----------------------------------------------------

+-----------+-----------------+-------------------+------------------+-------------+---------------+-------------+----------+----------------+----------+--------------------------------+
| Global Id | Driver Type/Pin | Driver Region (D) | Clock            | Period (ns) | Waveform (ns) | Slice Loads | IO Loads | Clocking Loads | GT Loads | Net                            |
+-----------+-----------------+-------------------+------------------+-------------+---------------+-------------+----------+----------------+----------+--------------------------------+
| g4        | BUFG/O          | n/a               | clkUART_ClockGen |      17.361 | {0.000 8.681} |         135 |        0 |              0 |        0 | infrastructure/C0/inst/clkUART |
+-----------+-----------------+-------------------+------------------+-------------+---------------+-------------+----------+----------------+----------+--------------------------------+
* Slice Loads column represents load cell count of all cell types other than IO, GT and clock resources
** IO Loads column represents load cell count of IO types
*** Clocking Loads column represents load cell count that are clock resources (global clock buffer, MMCM, PLL, etc)
**** GT Loads column represents load cell count of GT types


+----+----+-----+-----------------------+
|    | X0 | X1  | HORIZONTAL PROG DELAY |
+----+----+-----+-----------------------+
| Y6 |  0 |   0 |                     0 |
| Y5 |  0 |   0 |                     0 |
| Y4 |  0 |   0 |                     0 |
| Y3 |  0 |   0 |                     0 |
| Y2 |  0 |   0 |                     0 |
| Y1 |  0 |  81 |                     0 |
| Y0 |  0 |  54 |                     0 |
+----+----+-----+-----------------------+


12. Device Cell Placement Summary for Global Clock g5
-----------------------------------------------------

+-----------+-----------------+-------------------+-------+-------------+---------------+-------------+----------+----------------+----------+-----------------------+
| Global Id | Driver Type/Pin | Driver Region (D) | Clock | Period (ns) | Waveform (ns) | Slice Loads | IO Loads | Clocking Loads | GT Loads | Net                   |
+-----------+-----------------+-------------------+-------+-------------+---------------+-------------+----------+----------------+----------+-----------------------+
| g5        | BUFG/O          | n/a               |       |             |               |         112 |        0 |              0 |        0 | sr_clk_fwd_i_1__0_n_0 |
+-----------+-----------------+-------------------+-------+-------------+---------------+-------------+----------+----------------+----------+-----------------------+
* Slice Loads column represents load cell count of all cell types other than IO, GT and clock resources
** IO Loads column represents load cell count of IO types
*** Clocking Loads column represents load cell count that are clock resources (global clock buffer, MMCM, PLL, etc)
**** GT Loads column represents load cell count of GT types


+----+-----+-----+-----------------------+
|    | X0  | X1  | HORIZONTAL PROG DELAY |
+----+-----+-----+-----------------------+
| Y6 |   0 |   0 |                     0 |
| Y5 |   0 |   0 |                     0 |
| Y4 |   0 |   0 |                     0 |
| Y3 |   0 |   0 |                     0 |
| Y2 |   0 |   1 |                     0 |
| Y1 |  17 |  94 |                     0 |
| Y0 |   0 |   0 |                     0 |
+----+-----+-----+-----------------------+


13. Device Cell Placement Summary for Global Clock g6
-----------------------------------------------------

+-----------+-----------------+-------------------+-------+-------------+---------------+-------------+----------+----------------+----------+--------------------+
| Global Id | Driver Type/Pin | Driver Region (D) | Clock | Period (ns) | Waveform (ns) | Slice Loads | IO Loads | Clocking Loads | GT Loads | Net                |
+-----------+-----------------+-------------------+-------+-------------+---------------+-------------+----------+----------------+----------+--------------------+
| g6        | BUFG/O          | n/a               |       |             |               |         102 |        1 |              0 |        0 | anode_OBUF_BUFG[1] |
+-----------+-----------------+-------------------+-------+-------------+---------------+-------------+----------+----------------+----------+--------------------+
* Slice Loads column represents load cell count of all cell types other than IO, GT and clock resources
** IO Loads column represents load cell count of IO types
*** Clocking Loads column represents load cell count that are clock resources (global clock buffer, MMCM, PLL, etc)
**** GT Loads column represents load cell count of GT types


+----+----+-----+-----------------------+
|    | X0 | X1  | HORIZONTAL PROG DELAY |
+----+----+-----+-----------------------+
| Y6 |  0 |   0 |                     0 |
| Y5 |  0 |   0 |                     0 |
| Y4 |  0 |   0 |                     0 |
| Y3 |  0 |   0 |                     0 |
| Y2 |  0 |   1 |                     0 |
| Y1 |  5 |  69 |                     0 |
| Y0 |  1 |  27 |                     0 |
+----+----+-----+-----------------------+


14. Device Cell Placement Summary for Global Clock g7
-----------------------------------------------------

+-----------+-----------------+-------------------+-----------------+-------------+----------------+-------------+----------+----------------+----------+-------------------------------+
| Global Id | Driver Type/Pin | Driver Region (D) | Clock           | Period (ns) | Waveform (ns)  | Slice Loads | IO Loads | Clocking Loads | GT Loads | Net                           |
+-----------+-----------------+-------------------+-----------------+-------------+----------------+-------------+----------+----------------+----------+-------------------------------+
| g7        | BUFG/O          | n/a               | clkVGA_ClockGen |      40.000 | {0.000 20.000} |          97 |        0 |              0 |        0 | infrastructure/C0/inst/clkVGA |
+-----------+-----------------+-------------------+-----------------+-------------+----------------+-------------+----------+----------------+----------+-------------------------------+
* Slice Loads column represents load cell count of all cell types other than IO, GT and clock resources
** IO Loads column represents load cell count of IO types
*** Clocking Loads column represents load cell count that are clock resources (global clock buffer, MMCM, PLL, etc)
**** GT Loads column represents load cell count of GT types


+----+-----+-----+-----------------------+
|    | X0  | X1  | HORIZONTAL PROG DELAY |
+----+-----+-----+-----------------------+
| Y6 |   0 |   0 |                     0 |
| Y5 |   0 |   0 |                     0 |
| Y4 |   0 |   0 |                     0 |
| Y3 |   0 |   0 |                     0 |
| Y2 |   0 |   1 |                     0 |
| Y1 |  35 |  33 |                     0 |
| Y0 |   0 |  28 |                     0 |
+----+-----+-----+-----------------------+


15. Device Cell Placement Summary for Global Clock g8
-----------------------------------------------------

+-----------+-----------------+-------------------+-----------------+-------------+---------------+-------------+----------+----------------+----------+-------------------+
| Global Id | Driver Type/Pin | Driver Region (D) | Clock           | Period (ns) | Waveform (ns) | Slice Loads | IO Loads | Clocking Loads | GT Loads | Net               |
+-----------+-----------------+-------------------+-----------------+-------------+---------------+-------------+----------+----------------+----------+-------------------+
| g8        | BUFG/O          | n/a               | clkCPU_ClockGen |      10.000 | {0.000 5.000} |          85 |        0 |              0 |        0 | coren_0_6314_BUFG |
+-----------+-----------------+-------------------+-----------------+-------------+---------------+-------------+----------+----------------+----------+-------------------+
* Slice Loads column represents load cell count of all cell types other than IO, GT and clock resources
** IO Loads column represents load cell count of IO types
*** Clocking Loads column represents load cell count that are clock resources (global clock buffer, MMCM, PLL, etc)
**** GT Loads column represents load cell count of GT types


+----+-----+-----+-----------------------+
|    | X0  | X1  | HORIZONTAL PROG DELAY |
+----+-----+-----+-----------------------+
| Y6 |   0 |   0 |                     0 |
| Y5 |   0 |   0 |                     0 |
| Y4 |   0 |   0 |                     0 |
| Y3 |   0 |   0 |                     0 |
| Y2 |   0 |   0 |                     0 |
| Y1 |  12 |  73 |                     0 |
| Y0 |   0 |   0 |                     0 |
+----+-----+-----+-----------------------+


16. Device Cell Placement Summary for Global Clock g9
-----------------------------------------------------

+-----------+-----------------+-------------------+----------+-------------+---------------+-------------+----------+----------------+----------+-------------------------------------------+
| Global Id | Driver Type/Pin | Driver Region (D) | Clock    | Period (ns) | Waveform (ns) | Slice Loads | IO Loads | Clocking Loads | GT Loads | Net                                       |
+-----------+-----------------+-------------------+----------+-------------+---------------+-------------+----------+----------------+----------+-------------------------------------------+
| g9        | BUFG/O          | n/a               | sysclk_p |       5.000 | {0.000 2.500} |          60 |        0 |              0 |        0 | ddr3/u_DDR3/u_DDR3_mig/u_iodelay_ctrl/CLK |
+-----------+-----------------+-------------------+----------+-------------+---------------+-------------+----------+----------------+----------+-------------------------------------------+
* Slice Loads column represents load cell count of all cell types other than IO, GT and clock resources
** IO Loads column represents load cell count of IO types
*** Clocking Loads column represents load cell count that are clock resources (global clock buffer, MMCM, PLL, etc)
**** GT Loads column represents load cell count of GT types


+----+----+-----+-----------------------+
|    | X0 | X1  | HORIZONTAL PROG DELAY |
+----+----+-----+-----------------------+
| Y6 |  0 |   0 |                     0 |
| Y5 |  0 |   0 |                     0 |
| Y4 |  0 |   0 |                     0 |
| Y3 |  1 |   0 |                     0 |
| Y2 |  6 |  53 |                     0 |
| Y1 |  0 |   0 |                     0 |
| Y0 |  0 |   0 |                     0 |
+----+----+-----+-----------------------+


17. Device Cell Placement Summary for Global Clock g10
------------------------------------------------------

+-----------+-----------------+-------------------+---------------------+-------------+---------------+-------------+----------+----------------+----------+----------------------------------------------------------+
| Global Id | Driver Type/Pin | Driver Region (D) | Clock               | Period (ns) | Waveform (ns) | Slice Loads | IO Loads | Clocking Loads | GT Loads | Net                                                      |
+-----------+-----------------+-------------------+---------------------+-------------+---------------+-------------+----------+----------------+----------+----------------------------------------------------------+
| g10       | BUFG/O          | n/a               | mmcm_ps_clk_bufg_in |      10.000 | {0.000 5.000} |          18 |        0 |              0 |        0 | ddr3/u_DDR3/u_DDR3_mig/u_ddr3_infrastructure/mmcm_ps_clk |
+-----------+-----------------+-------------------+---------------------+-------------+---------------+-------------+----------+----------------+----------+----------------------------------------------------------+
* Slice Loads column represents load cell count of all cell types other than IO, GT and clock resources
** IO Loads column represents load cell count of IO types
*** Clocking Loads column represents load cell count that are clock resources (global clock buffer, MMCM, PLL, etc)
**** GT Loads column represents load cell count of GT types


+----+----+-----+-----------------------+
|    | X0 | X1  | HORIZONTAL PROG DELAY |
+----+----+-----+-----------------------+
| Y6 |  0 |   0 |                     0 |
| Y5 |  0 |   0 |                     0 |
| Y4 |  0 |   0 |                     0 |
| Y3 |  0 |   0 |                     0 |
| Y2 |  0 |  17 |                     0 |
| Y1 |  0 |   1 |                     0 |
| Y0 |  0 |   0 |                     0 |
+----+----+-----+-----------------------+


18. Device Cell Placement Summary for Global Clock g11
------------------------------------------------------

+-----------+-----------------+-------------------+------------------+-------------+---------------+-------------+----------+----------------+----------+---------------------------------------------------------------------------------------------+
| Global Id | Driver Type/Pin | Driver Region (D) | Clock            | Period (ns) | Waveform (ns) | Slice Loads | IO Loads | Clocking Loads | GT Loads | Net                                                                                         |
+-----------+-----------------+-------------------+------------------+-------------+---------------+-------------+----------+----------------+----------+---------------------------------------------------------------------------------------------+
| g11       | BUFG/O          | n/a               | clk_ref_mmcm_300 |       3.333 | {0.000 1.667} |          16 |        0 |              0 |        0 | ddr3/u_DDR3/u_DDR3_mig/u_iodelay_ctrl/clk_ref_300_400_en.clk_ref_300.u_bufg_clk_ref_300_n_0 |
+-----------+-----------------+-------------------+------------------+-------------+---------------+-------------+----------+----------------+----------+---------------------------------------------------------------------------------------------+
* Slice Loads column represents load cell count of all cell types other than IO, GT and clock resources
** IO Loads column represents load cell count of IO types
*** Clocking Loads column represents load cell count that are clock resources (global clock buffer, MMCM, PLL, etc)
**** GT Loads column represents load cell count of GT types


+----+----+-----+-----------------------+
|    | X0 | X1  | HORIZONTAL PROG DELAY |
+----+----+-----+-----------------------+
| Y6 |  0 |   0 |                     0 |
| Y5 |  0 |   0 |                     0 |
| Y4 |  0 |   0 |                     0 |
| Y3 |  0 |   0 |                     0 |
| Y2 |  0 |  16 |                     0 |
| Y1 |  0 |   0 |                     0 |
| Y0 |  0 |   0 |                     0 |
+----+----+-----+-----------------------+


19. Device Cell Placement Summary for Global Clock g12
------------------------------------------------------

+-----------+-----------------+-------------------+--------------+-------------+---------------+-------------+----------+----------------+----------+-------------------------------------------------------+
| Global Id | Driver Type/Pin | Driver Region (D) | Clock        | Period (ns) | Waveform (ns) | Slice Loads | IO Loads | Clocking Loads | GT Loads | Net                                                   |
+-----------+-----------------+-------------------+--------------+-------------+---------------+-------------+----------+----------------+----------+-------------------------------------------------------+
| g12       | BUFH/O          | X1Y1              | pll_clk3_out |       5.000 | {0.000 2.500} |           0 |        0 |              1 |        0 | ddr3/u_DDR3/u_DDR3_mig/u_ddr3_infrastructure/pll_clk3 |
+-----------+-----------------+-------------------+--------------+-------------+---------------+-------------+----------+----------------+----------+-------------------------------------------------------+
* Slice Loads column represents load cell count of all cell types other than IO, GT and clock resources
** IO Loads column represents load cell count of IO types
*** Clocking Loads column represents load cell count that are clock resources (global clock buffer, MMCM, PLL, etc)
**** GT Loads column represents load cell count of GT types


+----+----+--------+-----------------------+
|    | X0 | X1     | HORIZONTAL PROG DELAY |
+----+----+--------+-----------------------+
| Y6 |  0 |      0 |                     0 |
| Y5 |  0 |      0 |                     0 |
| Y4 |  0 |      0 |                     0 |
| Y3 |  0 |      0 |                     0 |
| Y2 |  0 |      0 |                     0 |
| Y1 |  0 |  (D) 1 |                     0 |
| Y0 |  0 |      0 |                     0 |
+----+----+--------+-----------------------+


20. Device Cell Placement Summary for Global Clock g13
------------------------------------------------------

+-----------+-----------------+-------------------+-------------------+-------------+---------------+-------------+----------+----------------+----------+----------------------------------------------+
| Global Id | Driver Type/Pin | Driver Region (D) | Clock             | Period (ns) | Waveform (ns) | Slice Loads | IO Loads | Clocking Loads | GT Loads | Net                                          |
+-----------+-----------------+-------------------+-------------------+-------------+---------------+-------------+----------+----------------+----------+----------------------------------------------+
| g13       | BUFG/O          | n/a               | clkfbout_ClockGen |       5.000 | {0.000 2.500} |           0 |        0 |              1 |        0 | infrastructure/C0/inst/clkfbout_buf_ClockGen |
+-----------+-----------------+-------------------+-------------------+-------------+---------------+-------------+----------+----------------+----------+----------------------------------------------+
* Slice Loads column represents load cell count of all cell types other than IO, GT and clock resources
** IO Loads column represents load cell count of IO types
*** Clocking Loads column represents load cell count that are clock resources (global clock buffer, MMCM, PLL, etc)
**** GT Loads column represents load cell count of GT types


+----+----+----+-----------------------+
|    | X0 | X1 | HORIZONTAL PROG DELAY |
+----+----+----+-----------------------+
| Y6 |  0 |  0 |                     0 |
| Y5 |  0 |  0 |                     0 |
| Y4 |  0 |  0 |                     0 |
| Y3 |  1 |  0 |                     0 |
| Y2 |  0 |  0 |                     0 |
| Y1 |  0 |  0 |                     0 |
| Y0 |  0 |  0 |                     0 |
+----+----+----+-----------------------+


21. Clock Region Cell Placement per Global Clock: Region X0Y0
-------------------------------------------------------------

+-----------+-------+-----------------+------------+-------------+-----------------+-----+--------+------+-----+----+------+-----+---------+---------------------------------+
| Global Id | Track | Driver Type/Pin | Constraint | Clock Loads | Non-Clock Loads | FF  | LUTRAM | RAMB | DSP | GT | MMCM | PLL | Hard IP | Net                             |
+-----------+-------+-----------------+------------+-------------+-----------------+-----+--------+------+-----+----+------+-----+---------+---------------------------------+
| g1        | n/a   | BUFG/O          | None       |         129 |               0 | 127 |      0 |    1 |   0 |  0 |    0 |   0 |       0 | infrastructure/C0/inst/clkCPU   |
| g2        | n/a   | BUFHCE/O        | None       |         651 |               0 | 623 |     26 |    1 |   0 |  0 |    0 |   0 |       0 | sdc/sd/infrastructure/CLK       |
| g3        | n/a   | BUFG/O          | None       |           3 |               0 |   1 |      0 |    0 |   0 |  0 |    0 |   0 |       0 | infrastructure/C0/inst/clk_100M |
| g6        | n/a   | BUFG/O          | None       |           0 |               1 |   0 |      0 |    0 |   0 |  0 |    0 |   0 |       0 | anode_OBUF_BUFG[1]              |
+-----------+-------+-----------------+------------+-------------+-----------------+-----+--------+------+-----+----+------+-----+---------+---------------------------------+
* Clock Loads column represents the clock pin loads (pin count)
** Non-Clock Loads column represents the non-clock pin loads (pin count)
*** Columns FF, LUTRAM, RAMB through 'Hard IP' represents load cell counts


22. Clock Region Cell Placement per Global Clock: Region X1Y0
-------------------------------------------------------------

+-----------+-------+-----------------+------------+-------------+-----------------+-----+--------+------+-----+----+------+-----+---------+---------------------------------+
| Global Id | Track | Driver Type/Pin | Constraint | Clock Loads | Non-Clock Loads | FF  | LUTRAM | RAMB | DSP | GT | MMCM | PLL | Hard IP | Net                             |
+-----------+-------+-----------------+------------+-------------+-----------------+-----+--------+------+-----+----+------+-----+---------+---------------------------------+
| g1        | n/a   | BUFG/O          | None       |         274 |               0 | 268 |      0 |    5 |   0 |  0 |    0 |   0 |       0 | infrastructure/C0/inst/clkCPU   |
| g3        | n/a   | BUFG/O          | None       |          55 |               0 |  55 |      0 |    0 |   0 |  0 |    0 |   0 |       0 | infrastructure/C0/inst/clk_100M |
| g4        | n/a   | BUFG/O          | None       |          54 |               0 |  52 |      0 |    1 |   0 |  0 |    0 |   0 |       0 | infrastructure/C0/inst/clkUART  |
| g6        | n/a   | BUFG/O          | None       |          27 |               0 |  27 |      0 |    0 |   0 |  0 |    0 |   0 |       0 | anode_OBUF_BUFG[1]              |
| g7        | n/a   | BUFG/O          | None       |          28 |               0 |  24 |      0 |    4 |   0 |  0 |    0 |   0 |       0 | infrastructure/C0/inst/clkVGA   |
+-----------+-------+-----------------+------------+-------------+-----------------+-----+--------+------+-----+----+------+-----+---------+---------------------------------+
* Clock Loads column represents the clock pin loads (pin count)
** Non-Clock Loads column represents the non-clock pin loads (pin count)
*** Columns FF, LUTRAM, RAMB through 'Hard IP' represents load cell counts


23. Clock Region Cell Placement per Global Clock: Region X0Y1
-------------------------------------------------------------

+-----------+-------+-----------------+------------+-------------+-----------------+-----+--------+------+-----+----+------+-----+---------+---------------------------------+
| Global Id | Track | Driver Type/Pin | Constraint | Clock Loads | Non-Clock Loads | FF  | LUTRAM | RAMB | DSP | GT | MMCM | PLL | Hard IP | Net                             |
+-----------+-------+-----------------+------------+-------------+-----------------+-----+--------+------+-----+----+------+-----+---------+---------------------------------+
| g1        | n/a   | BUFG/O          | None       |         123 |               0 | 123 |      0 |    0 |   0 |  0 |    0 |   0 |       0 | infrastructure/C0/inst/clkCPU   |
| g3        | n/a   | BUFG/O          | None       |          21 |               0 |  21 |      0 |    0 |   0 |  0 |    0 |   0 |       0 | infrastructure/C0/inst/clk_100M |
| g5        | n/a   | BUFG/O          | None       |          17 |               0 |  15 |      0 |    0 |   0 |  0 |    0 |   0 |       0 | sr_clk_fwd_i_1__0_n_0           |
| g6        | n/a   | BUFG/O          | None       |           5 |               0 |   5 |      0 |    0 |   0 |  0 |    0 |   0 |       0 | anode_OBUF_BUFG[1]              |
| g7        | n/a   | BUFG/O          | None       |          35 |               0 |  34 |      1 |    0 |   0 |  0 |    0 |   0 |       0 | infrastructure/C0/inst/clkVGA   |
| g8        | n/a   | BUFG/O          | None       |          12 |               0 |  12 |      0 |    0 |   0 |  0 |    0 |   0 |       0 | coren_0_6314_BUFG               |
+-----------+-------+-----------------+------------+-------------+-----------------+-----+--------+------+-----+----+------+-----+---------+---------------------------------+
* Clock Loads column represents the clock pin loads (pin count)
** Non-Clock Loads column represents the non-clock pin loads (pin count)
*** Columns FF, LUTRAM, RAMB through 'Hard IP' represents load cell counts


24. Clock Region Cell Placement per Global Clock: Region X1Y1
-------------------------------------------------------------

+-----------+-------+-----------------+------------+-------------+-----------------+------+--------+------+-----+----+------+-----+---------+----------------------------------------------------------+
| Global Id | Track | Driver Type/Pin | Constraint | Clock Loads | Non-Clock Loads | FF   | LUTRAM | RAMB | DSP | GT | MMCM | PLL | Hard IP | Net                                                      |
+-----------+-------+-----------------+------------+-------------+-----------------+------+--------+------+-----+----+------+-----+---------+----------------------------------------------------------+
| g0        | n/a   | BUFG/O          | PBlock     |        3974 |               0 | 3936 |      3 |   27 |   0 |  0 |    1 |   0 |       0 | ddr3/u_DDR3/u_DDR3_mig/u_ddr3_infrastructure/CLK         |
| g1        | n/a   | BUFG/O          | None       |        3034 |               0 | 3015 |      0 |   16 |   3 |  0 |    0 |   0 |       0 | infrastructure/C0/inst/clkCPU                            |
| g3        | n/a   | BUFG/O          | None       |          60 |               0 |   60 |      0 |    0 |   0 |  0 |    0 |   0 |       0 | infrastructure/C0/inst/clk_100M                          |
| g4        | n/a   | BUFG/O          | None       |          81 |               0 |   81 |      0 |    0 |   0 |  0 |    0 |   0 |       0 | infrastructure/C0/inst/clkUART                           |
| g5        | n/a   | BUFG/O          | None       |          94 |               0 |   94 |      0 |    0 |   0 |  0 |    0 |   0 |       0 | sr_clk_fwd_i_1__0_n_0                                    |
| g6        | n/a   | BUFG/O          | None       |          69 |               0 |   69 |      0 |    0 |   0 |  0 |    0 |   0 |       0 | anode_OBUF_BUFG[1]                                       |
| g7        | n/a   | BUFG/O          | None       |          33 |               0 |   33 |      0 |    0 |   0 |  0 |    0 |   0 |       0 | infrastructure/C0/inst/clkVGA                            |
| g8        | n/a   | BUFG/O          | None       |          73 |               0 |   53 |      0 |   20 |   0 |  0 |    0 |   0 |       0 | coren_0_6314_BUFG                                        |
| g10       | n/a   | BUFG/O          | PBlock     |           1 |               0 |    1 |      0 |    0 |   0 |  0 |    0 |   0 |       0 | ddr3/u_DDR3/u_DDR3_mig/u_ddr3_infrastructure/mmcm_ps_clk |
| g12       | n/a   | BUFH/O          | PBlock     |           1 |               0 |    0 |      0 |    0 |   0 |  0 |    1 |   0 |       0 | ddr3/u_DDR3/u_DDR3_mig/u_ddr3_infrastructure/pll_clk3    |
+-----------+-------+-----------------+------------+-------------+-----------------+------+--------+------+-----+----+------+-----+---------+----------------------------------------------------------+
* Clock Loads column represents the clock pin loads (pin count)
** Non-Clock Loads column represents the non-clock pin loads (pin count)
*** Columns FF, LUTRAM, RAMB through 'Hard IP' represents load cell counts


25. Clock Region Cell Placement per Global Clock: Region X0Y2
-------------------------------------------------------------

+-----------+-------+-----------------+------------+-------------+-----------------+----+--------+------+-----+----+------+-----+---------+-------------------------------------------+
| Global Id | Track | Driver Type/Pin | Constraint | Clock Loads | Non-Clock Loads | FF | LUTRAM | RAMB | DSP | GT | MMCM | PLL | Hard IP | Net                                       |
+-----------+-------+-----------------+------------+-------------+-----------------+----+--------+------+-----+----+------+-----+---------+-------------------------------------------+
| g9        | n/a   | BUFG/O          | PBlock     |           6 |               0 |  6 |      0 |    0 |   0 |  0 |    0 |   0 |       0 | ddr3/u_DDR3/u_DDR3_mig/u_iodelay_ctrl/CLK |
+-----------+-------+-----------------+------------+-------------+-----------------+----+--------+------+-----+----+------+-----+---------+-------------------------------------------+
* Clock Loads column represents the clock pin loads (pin count)
** Non-Clock Loads column represents the non-clock pin loads (pin count)
*** Columns FF, LUTRAM, RAMB through 'Hard IP' represents load cell counts


26. Clock Region Cell Placement per Global Clock: Region X1Y2
-------------------------------------------------------------

+-----------+-------+-----------------+------------+-------------+-----------------+------+--------+------+-----+----+------+-----+---------+---------------------------------------------------------------------------------------------+
| Global Id | Track | Driver Type/Pin | Constraint | Clock Loads | Non-Clock Loads | FF   | LUTRAM | RAMB | DSP | GT | MMCM | PLL | Hard IP | Net                                                                                         |
+-----------+-------+-----------------+------------+-------------+-----------------+------+--------+------+-----+----+------+-----+---------+---------------------------------------------------------------------------------------------+
| g0        | n/a   | BUFG/O          | PBlock     |        4893 |               0 | 4822 |     17 |    5 |   0 |  0 |    0 |   0 |       0 | ddr3/u_DDR3/u_DDR3_mig/u_ddr3_infrastructure/CLK                                            |
| g1        | n/a   | BUFG/O          | None       |         367 |               0 |  361 |      0 |    5 |   0 |  0 |    0 |   0 |       0 | infrastructure/C0/inst/clkCPU                                                               |
| g3        | n/a   | BUFG/O          | None       |          18 |               0 |   18 |      0 |    0 |   0 |  0 |    0 |   0 |       0 | infrastructure/C0/inst/clk_100M                                                             |
| g5        | n/a   | BUFG/O          | None       |           0 |               1 |    0 |      0 |    0 |   0 |  0 |    0 |   0 |       0 | sr_clk_fwd_i_1__0_n_0                                                                       |
| g6        | n/a   | BUFG/O          | None       |           0 |               1 |    0 |      0 |    0 |   0 |  0 |    0 |   0 |       0 | anode_OBUF_BUFG[1]                                                                          |
| g7        | n/a   | BUFG/O          | None       |           1 |               0 |    0 |      0 |    0 |   0 |  0 |    0 |   0 |       0 | infrastructure/C0/inst/clkVGA                                                               |
| g9        | n/a   | BUFG/O          | PBlock     |          53 |               0 |   53 |      0 |    0 |   0 |  0 |    0 |   0 |       0 | ddr3/u_DDR3/u_DDR3_mig/u_iodelay_ctrl/CLK                                                   |
| g10       | n/a   | BUFG/O          | PBlock     |          17 |               0 |   13 |      0 |    0 |   0 |  0 |    0 |   0 |       0 | ddr3/u_DDR3/u_DDR3_mig/u_ddr3_infrastructure/mmcm_ps_clk                                    |
| g11       | n/a   | BUFG/O          | PBlock     |          16 |               0 |   15 |      0 |    0 |   0 |  0 |    0 |   0 |       0 | ddr3/u_DDR3/u_DDR3_mig/u_iodelay_ctrl/clk_ref_300_400_en.clk_ref_300.u_bufg_clk_ref_300_n_0 |
+-----------+-------+-----------------+------------+-------------+-----------------+------+--------+------+-----+----+------+-----+---------+---------------------------------------------------------------------------------------------+
* Clock Loads column represents the clock pin loads (pin count)
** Non-Clock Loads column represents the non-clock pin loads (pin count)
*** Columns FF, LUTRAM, RAMB through 'Hard IP' represents load cell counts


27. Clock Region Cell Placement per Global Clock: Region X0Y3
-------------------------------------------------------------

+-----------+-------+-----------------+------------+-------------+-----------------+----+--------+------+-----+----+------+-----+---------+--------------------------------------------------+
| Global Id | Track | Driver Type/Pin | Constraint | Clock Loads | Non-Clock Loads | FF | LUTRAM | RAMB | DSP | GT | MMCM | PLL | Hard IP | Net                                              |
+-----------+-------+-----------------+------------+-------------+-----------------+----+--------+------+-----+----+------+-----+---------+--------------------------------------------------+
| g0        | n/a   | BUFG/O          | PBlock     |           1 |               0 |  0 |      0 |    0 |   0 |  0 |    1 |   0 |       0 | ddr3/u_DDR3/u_DDR3_mig/u_ddr3_infrastructure/CLK |
| g9        | n/a   | BUFG/O          | PBlock     |           1 |               0 |  0 |      0 |    0 |   0 |  0 |    0 |   0 |       0 | ddr3/u_DDR3/u_DDR3_mig/u_iodelay_ctrl/CLK        |
| g13       | n/a   | BUFG/O          | None       |           1 |               0 |  0 |      0 |    0 |   0 |  0 |    1 |   0 |       0 | infrastructure/C0/inst/clkfbout_buf_ClockGen     |
+-----------+-------+-----------------+------------+-------------+-----------------+----+--------+------+-----+----+------+-----+---------+--------------------------------------------------+
* Clock Loads column represents the clock pin loads (pin count)
** Non-Clock Loads column represents the non-clock pin loads (pin count)
*** Columns FF, LUTRAM, RAMB through 'Hard IP' represents load cell counts


28. Clock Region Cell Placement per Global Clock: Region X1Y3
-------------------------------------------------------------

+-----------+-------+-----------------+------------+-------------+-----------------+----+--------+------+-----+----+------+-----+---------+-------------------------------+
| Global Id | Track | Driver Type/Pin | Constraint | Clock Loads | Non-Clock Loads | FF | LUTRAM | RAMB | DSP | GT | MMCM | PLL | Hard IP | Net                           |
+-----------+-------+-----------------+------------+-------------+-----------------+----+--------+------+-----+----+------+-----+---------+-------------------------------+
| g1        | n/a   | BUFG/O          | None       |           0 |               1 |  0 |      0 |    0 |   0 |  0 |    0 |   0 |       0 | infrastructure/C0/inst/clkCPU |
+-----------+-------+-----------------+------------+-------------+-----------------+----+--------+------+-----+----+------+-----+---------+-------------------------------+
* Clock Loads column represents the clock pin loads (pin count)
** Non-Clock Loads column represents the non-clock pin loads (pin count)
*** Columns FF, LUTRAM, RAMB through 'Hard IP' represents load cell counts



# Location of BUFG Primitives 
set_property LOC BUFGCTRL_X0Y3 [get_cells sr_clk_fwd_i_1__0]
set_property LOC BUFGCTRL_X0Y11 [get_cells infrastructure/C0/inst/clkf_buf]
set_property LOC BUFGCTRL_X0Y2 [get_cells infrastructure/C0/inst/clkout2_buf]
set_property LOC BUFGCTRL_X0Y5 [get_cells infrastructure/C0/inst/clkout4_buf]
set_property LOC BUFGCTRL_X0Y10 [get_cells infrastructure/C0/inst/clkout1_buf]
set_property LOC BUFGCTRL_X0Y1 [get_cells infrastructure/C0/inst/clkout3_buf]
set_property LOC BUFGCTRL_X0Y9 [get_cells ddr3/u_DDR3/u_DDR3_mig/u_iodelay_ctrl/clk_ref_300_400_en.clk_ref_300.u_bufg_clk_ref_300]
set_property LOC BUFGCTRL_X0Y7 [get_cells ddr3/u_DDR3/u_DDR3_mig/u_iodelay_ctrl/clk_ref_200.u_bufg_clk_ref]
set_property LOC BUFGCTRL_X0Y8 [get_cells ddr3/u_DDR3/u_DDR3_mig/u_ddr3_infrastructure/gen_mmcm.u_bufg_mmcm_ps_clk]
set_property LOC BUFGCTRL_X0Y0 [get_cells ddr3/u_DDR3/u_DDR3_mig/u_ddr3_infrastructure/u_bufg_clkdiv0]
set_property LOC BUFGCTRL_X0Y6 [get_cells coren_0_6314_BUFG_inst]
set_property LOC BUFGCTRL_X0Y4 [get_cells anode_OBUF_BUFG[1]_inst]

# Location of BUFH Primitives 
set_property LOC BUFHCE_X0Y0 [get_cells sdc/sd/infrastructure/sdclk_buf]
set_property LOC BUFHCE_X1Y12 [get_cells ddr3/u_DDR3/u_DDR3_mig/u_ddr3_infrastructure/u_bufh_pll_clk3]

# Location of IO Primitives which is load of clock spine
set_property LOC IOB_X0Y14 [get_cells anode_OBUF[1]_inst]

# Location of clock ports
set_property LOC IOB_X1Y23 [get_ports sysclk_n]
set_property LOC IOB_X1Y24 [get_ports sysclk_p]

# Clock net "sr_clk_fwd_i_1__0_n_0" driven by instance "sr_clk_fwd_i_1__0" located at site "BUFGCTRL_X0Y3"
#startgroup
create_pblock {CLKAG_sr_clk_fwd_i_1__0_n_0}
add_cells_to_pblock [get_pblocks  {CLKAG_sr_clk_fwd_i_1__0_n_0}] [get_cells -filter { PRIMITIVE_GROUP != I/O && IS_PRIMITIVE==1 && PRIMITIVE_LEVEL !=INTERNAL } -of_object [get_pins -filter {DIRECTION==IN} -of_objects [get_nets -hierarchical -filter {PARENT=="sr_clk_fwd_i_1__0_n_0"}]]]
resize_pblock [get_pblocks {CLKAG_sr_clk_fwd_i_1__0_n_0}] -add {CLOCKREGION_X0Y0:CLOCKREGION_X0Y0 CLOCKREGION_X0Y1:CLOCKREGION_X0Y1 CLOCKREGION_X0Y2:CLOCKREGION_X0Y2 CLOCKREGION_X0Y3:CLOCKREGION_X0Y3 CLOCKREGION_X0Y4:CLOCKREGION_X0Y4 CLOCKREGION_X0Y5:CLOCKREGION_X0Y5 CLOCKREGION_X0Y6:CLOCKREGION_X0Y6 CLOCKREGION_X1Y0:CLOCKREGION_X1Y0 CLOCKREGION_X1Y1:CLOCKREGION_X1Y1 CLOCKREGION_X1Y2:CLOCKREGION_X1Y2 CLOCKREGION_X1Y3:CLOCKREGION_X1Y3 CLOCKREGION_X1Y4:CLOCKREGION_X1Y4 CLOCKREGION_X1Y5:CLOCKREGION_X1Y5 CLOCKREGION_X1Y6:CLOCKREGION_X1Y6}
#endgroup

# Clock net "sdc/sd/infrastructure/CLK" driven by instance "sdc/sd/infrastructure/sdclk_buf" located at site "BUFHCE_X0Y0"
#startgroup
create_pblock {CLKAG_sdc/sd/infrastructure/CLK}
add_cells_to_pblock [get_pblocks  {CLKAG_sdc/sd/infrastructure/CLK}] [get_cells -filter { PRIMITIVE_GROUP != I/O && IS_PRIMITIVE==1 && PRIMITIVE_LEVEL !=INTERNAL } -of_object [get_pins -filter {DIRECTION==IN} -of_objects [get_nets -hierarchical -filter {PARENT=="sdc/sd/infrastructure/CLK"}]]]
resize_pblock [get_pblocks {CLKAG_sdc/sd/infrastructure/CLK}] -add {CLOCKREGION_X0Y0:CLOCKREGION_X0Y0 CLOCKREGION_X0Y1:CLOCKREGION_X0Y1 CLOCKREGION_X0Y2:CLOCKREGION_X0Y2 CLOCKREGION_X0Y3:CLOCKREGION_X0Y3 CLOCKREGION_X0Y4:CLOCKREGION_X0Y4 CLOCKREGION_X0Y5:CLOCKREGION_X0Y5 CLOCKREGION_X0Y6:CLOCKREGION_X0Y6 CLOCKREGION_X1Y0:CLOCKREGION_X1Y0 CLOCKREGION_X1Y1:CLOCKREGION_X1Y1 CLOCKREGION_X1Y2:CLOCKREGION_X1Y2 CLOCKREGION_X1Y3:CLOCKREGION_X1Y3 CLOCKREGION_X1Y4:CLOCKREGION_X1Y4 CLOCKREGION_X1Y5:CLOCKREGION_X1Y5 CLOCKREGION_X1Y6:CLOCKREGION_X1Y6}
#endgroup

# Clock net "infrastructure/C0/inst/clk_100M" driven by instance "infrastructure/C0/inst/clkout2_buf" located at site "BUFGCTRL_X0Y2"
#startgroup
create_pblock {CLKAG_infrastructure/C0/inst/clk_100M}
add_cells_to_pblock [get_pblocks  {CLKAG_infrastructure/C0/inst/clk_100M}] [get_cells -filter { PRIMITIVE_GROUP != I/O && IS_PRIMITIVE==1 && PRIMITIVE_LEVEL !=INTERNAL && NAME!=sdc/sd/infrastructure/sdclk_buf} -of_object [get_pins -filter {DIRECTION==IN} -of_objects [get_nets -hierarchical -filter {PARENT=="infrastructure/C0/inst/clk_100M"}]]]
resize_pblock [get_pblocks {CLKAG_infrastructure/C0/inst/clk_100M}] -add {CLOCKREGION_X0Y0:CLOCKREGION_X0Y0 CLOCKREGION_X0Y1:CLOCKREGION_X0Y1 CLOCKREGION_X0Y2:CLOCKREGION_X0Y2 CLOCKREGION_X0Y3:CLOCKREGION_X0Y3 CLOCKREGION_X0Y4:CLOCKREGION_X0Y4 CLOCKREGION_X0Y5:CLOCKREGION_X0Y5 CLOCKREGION_X0Y6:CLOCKREGION_X0Y6 CLOCKREGION_X1Y0:CLOCKREGION_X1Y0 CLOCKREGION_X1Y1:CLOCKREGION_X1Y1 CLOCKREGION_X1Y2:CLOCKREGION_X1Y2 CLOCKREGION_X1Y3:CLOCKREGION_X1Y3 CLOCKREGION_X1Y4:CLOCKREGION_X1Y4 CLOCKREGION_X1Y5:CLOCKREGION_X1Y5 CLOCKREGION_X1Y6:CLOCKREGION_X1Y6}
#endgroup

# Clock net "infrastructure/C0/inst/clkVGA" driven by instance "infrastructure/C0/inst/clkout4_buf" located at site "BUFGCTRL_X0Y5"
#startgroup
create_pblock {CLKAG_infrastructure/C0/inst/clkVGA}
add_cells_to_pblock [get_pblocks  {CLKAG_infrastructure/C0/inst/clkVGA}] [get_cells -filter { PRIMITIVE_GROUP != I/O && IS_PRIMITIVE==1 && PRIMITIVE_LEVEL !=INTERNAL } -of_object [get_pins -filter {DIRECTION==IN} -of_objects [get_nets -hierarchical -filter {PARENT=="infrastructure/C0/inst/clkVGA"}]]]
resize_pblock [get_pblocks {CLKAG_infrastructure/C0/inst/clkVGA}] -add {CLOCKREGION_X0Y0:CLOCKREGION_X0Y0 CLOCKREGION_X0Y1:CLOCKREGION_X0Y1 CLOCKREGION_X0Y2:CLOCKREGION_X0Y2 CLOCKREGION_X0Y3:CLOCKREGION_X0Y3 CLOCKREGION_X0Y4:CLOCKREGION_X0Y4 CLOCKREGION_X0Y5:CLOCKREGION_X0Y5 CLOCKREGION_X0Y6:CLOCKREGION_X0Y6 CLOCKREGION_X1Y0:CLOCKREGION_X1Y0 CLOCKREGION_X1Y1:CLOCKREGION_X1Y1 CLOCKREGION_X1Y2:CLOCKREGION_X1Y2 CLOCKREGION_X1Y3:CLOCKREGION_X1Y3 CLOCKREGION_X1Y4:CLOCKREGION_X1Y4 CLOCKREGION_X1Y5:CLOCKREGION_X1Y5 CLOCKREGION_X1Y6:CLOCKREGION_X1Y6}
#endgroup

# Clock net "infrastructure/C0/inst/clkUART" driven by instance "infrastructure/C0/inst/clkout1_buf" located at site "BUFGCTRL_X0Y10"
#startgroup
create_pblock {CLKAG_infrastructure/C0/inst/clkUART}
add_cells_to_pblock [get_pblocks  {CLKAG_infrastructure/C0/inst/clkUART}] [get_cells -filter { PRIMITIVE_GROUP != I/O && IS_PRIMITIVE==1 && PRIMITIVE_LEVEL !=INTERNAL } -of_object [get_pins -filter {DIRECTION==IN} -of_objects [get_nets -hierarchical -filter {PARENT=="infrastructure/C0/inst/clkUART"}]]]
resize_pblock [get_pblocks {CLKAG_infrastructure/C0/inst/clkUART}] -add {CLOCKREGION_X0Y0:CLOCKREGION_X0Y0 CLOCKREGION_X0Y1:CLOCKREGION_X0Y1 CLOCKREGION_X0Y2:CLOCKREGION_X0Y2 CLOCKREGION_X0Y3:CLOCKREGION_X0Y3 CLOCKREGION_X0Y4:CLOCKREGION_X0Y4 CLOCKREGION_X0Y5:CLOCKREGION_X0Y5 CLOCKREGION_X0Y6:CLOCKREGION_X0Y6 CLOCKREGION_X1Y0:CLOCKREGION_X1Y0 CLOCKREGION_X1Y1:CLOCKREGION_X1Y1 CLOCKREGION_X1Y2:CLOCKREGION_X1Y2 CLOCKREGION_X1Y3:CLOCKREGION_X1Y3 CLOCKREGION_X1Y4:CLOCKREGION_X1Y4 CLOCKREGION_X1Y5:CLOCKREGION_X1Y5 CLOCKREGION_X1Y6:CLOCKREGION_X1Y6}
#endgroup

# Clock net "infrastructure/C0/inst/clkCPU" driven by instance "infrastructure/C0/inst/clkout3_buf" located at site "BUFGCTRL_X0Y1"
#startgroup
create_pblock {CLKAG_infrastructure/C0/inst/clkCPU}
add_cells_to_pblock [get_pblocks  {CLKAG_infrastructure/C0/inst/clkCPU}] [get_cells -filter { PRIMITIVE_GROUP != I/O && IS_PRIMITIVE==1 && PRIMITIVE_LEVEL !=INTERNAL } -of_object [get_pins -filter {DIRECTION==IN} -of_objects [get_nets -hierarchical -filter {PARENT=="infrastructure/C0/inst/clkCPU"}]]]
resize_pblock [get_pblocks {CLKAG_infrastructure/C0/inst/clkCPU}] -add {CLOCKREGION_X0Y0:CLOCKREGION_X0Y0 CLOCKREGION_X0Y1:CLOCKREGION_X0Y1 CLOCKREGION_X0Y2:CLOCKREGION_X0Y2 CLOCKREGION_X0Y3:CLOCKREGION_X0Y3 CLOCKREGION_X0Y4:CLOCKREGION_X0Y4 CLOCKREGION_X0Y5:CLOCKREGION_X0Y5 CLOCKREGION_X0Y6:CLOCKREGION_X0Y6 CLOCKREGION_X1Y0:CLOCKREGION_X1Y0 CLOCKREGION_X1Y1:CLOCKREGION_X1Y1 CLOCKREGION_X1Y2:CLOCKREGION_X1Y2 CLOCKREGION_X1Y3:CLOCKREGION_X1Y3 CLOCKREGION_X1Y4:CLOCKREGION_X1Y4 CLOCKREGION_X1Y5:CLOCKREGION_X1Y5 CLOCKREGION_X1Y6:CLOCKREGION_X1Y6}
#endgroup

# Clock net "ddr3/u_DDR3/u_DDR3_mig/u_iodelay_ctrl/clk_ref_300_400_en.clk_ref_300.u_bufg_clk_ref_300_n_0" driven by instance "ddr3/u_DDR3/u_DDR3_mig/u_iodelay_ctrl/clk_ref_300_400_en.clk_ref_300.u_bufg_clk_ref_300" located at site "BUFGCTRL_X0Y9"
#startgroup
create_pblock {CLKAG_ddr3/u_DDR3/u_DDR3_mig/u_iodelay_ctrl/clk_ref_300_400_en.clk_ref_300.u_bufg_clk_ref_300_n_0}
add_cells_to_pblock [get_pblocks  {CLKAG_ddr3/u_DDR3/u_DDR3_mig/u_iodelay_ctrl/clk_ref_300_400_en.clk_ref_300.u_bufg_clk_ref_300_n_0}] [get_cells -filter { PRIMITIVE_GROUP != I/O && IS_PRIMITIVE==1 && PRIMITIVE_LEVEL !=INTERNAL } -of_object [get_pins -filter {DIRECTION==IN} -of_objects [get_nets -hierarchical -filter {PARENT=="ddr3/u_DDR3/u_DDR3_mig/u_iodelay_ctrl/clk_ref_300_400_en.clk_ref_300.u_bufg_clk_ref_300_n_0"}]]]
resize_pblock [get_pblocks {CLKAG_ddr3/u_DDR3/u_DDR3_mig/u_iodelay_ctrl/clk_ref_300_400_en.clk_ref_300.u_bufg_clk_ref_300_n_0}] -add {CLOCKREGION_X0Y0:CLOCKREGION_X0Y0 CLOCKREGION_X0Y1:CLOCKREGION_X0Y1 CLOCKREGION_X0Y2:CLOCKREGION_X0Y2 CLOCKREGION_X0Y3:CLOCKREGION_X0Y3 CLOCKREGION_X0Y4:CLOCKREGION_X0Y4 CLOCKREGION_X0Y5:CLOCKREGION_X0Y5 CLOCKREGION_X0Y6:CLOCKREGION_X0Y6 CLOCKREGION_X1Y0:CLOCKREGION_X1Y0 CLOCKREGION_X1Y1:CLOCKREGION_X1Y1 CLOCKREGION_X1Y2:CLOCKREGION_X1Y2 CLOCKREGION_X1Y3:CLOCKREGION_X1Y3 CLOCKREGION_X1Y4:CLOCKREGION_X1Y4 CLOCKREGION_X1Y5:CLOCKREGION_X1Y5 CLOCKREGION_X1Y6:CLOCKREGION_X1Y6}
#endgroup

# Clock net "ddr3/u_DDR3/u_DDR3_mig/u_iodelay_ctrl/CLK" driven by instance "ddr3/u_DDR3/u_DDR3_mig/u_iodelay_ctrl/clk_ref_200.u_bufg_clk_ref" located at site "BUFGCTRL_X0Y7"
#startgroup
create_pblock {CLKAG_ddr3/u_DDR3/u_DDR3_mig/u_iodelay_ctrl/CLK}
add_cells_to_pblock [get_pblocks  {CLKAG_ddr3/u_DDR3/u_DDR3_mig/u_iodelay_ctrl/CLK}] [get_cells -filter { PRIMITIVE_GROUP != I/O && IS_PRIMITIVE==1 && PRIMITIVE_LEVEL !=INTERNAL } -of_object [get_pins -filter {DIRECTION==IN} -of_objects [get_nets -hierarchical -filter {PARENT=="ddr3/u_DDR3/u_DDR3_mig/u_iodelay_ctrl/CLK"}]]]
resize_pblock [get_pblocks {CLKAG_ddr3/u_DDR3/u_DDR3_mig/u_iodelay_ctrl/CLK}] -add {CLOCKREGION_X0Y0:CLOCKREGION_X0Y0 CLOCKREGION_X0Y1:CLOCKREGION_X0Y1 CLOCKREGION_X0Y2:CLOCKREGION_X0Y2 CLOCKREGION_X0Y3:CLOCKREGION_X0Y3 CLOCKREGION_X0Y4:CLOCKREGION_X0Y4 CLOCKREGION_X0Y5:CLOCKREGION_X0Y5 CLOCKREGION_X0Y6:CLOCKREGION_X0Y6 CLOCKREGION_X1Y0:CLOCKREGION_X1Y0 CLOCKREGION_X1Y1:CLOCKREGION_X1Y1 CLOCKREGION_X1Y2:CLOCKREGION_X1Y2 CLOCKREGION_X1Y3:CLOCKREGION_X1Y3 CLOCKREGION_X1Y4:CLOCKREGION_X1Y4 CLOCKREGION_X1Y5:CLOCKREGION_X1Y5 CLOCKREGION_X1Y6:CLOCKREGION_X1Y6}
#endgroup

# Clock net "ddr3/u_DDR3/u_DDR3_mig/u_ddr3_infrastructure/mmcm_ps_clk" driven by instance "ddr3/u_DDR3/u_DDR3_mig/u_ddr3_infrastructure/gen_mmcm.u_bufg_mmcm_ps_clk" located at site "BUFGCTRL_X0Y8"
#startgroup
create_pblock {CLKAG_ddr3/u_DDR3/u_DDR3_mig/u_ddr3_infrastructure/mmcm_ps_clk}
add_cells_to_pblock [get_pblocks  {CLKAG_ddr3/u_DDR3/u_DDR3_mig/u_ddr3_infrastructure/mmcm_ps_clk}] [get_cells -filter { PRIMITIVE_GROUP != I/O && IS_PRIMITIVE==1 && PRIMITIVE_LEVEL !=INTERNAL } -of_object [get_pins -filter {DIRECTION==IN} -of_objects [get_nets -hierarchical -filter {PARENT=="ddr3/u_DDR3/u_DDR3_mig/u_ddr3_infrastructure/mmcm_ps_clk"}]]]
resize_pblock [get_pblocks {CLKAG_ddr3/u_DDR3/u_DDR3_mig/u_ddr3_infrastructure/mmcm_ps_clk}] -add {CLOCKREGION_X0Y0:CLOCKREGION_X0Y0 CLOCKREGION_X0Y1:CLOCKREGION_X0Y1 CLOCKREGION_X0Y2:CLOCKREGION_X0Y2 CLOCKREGION_X0Y3:CLOCKREGION_X0Y3 CLOCKREGION_X0Y4:CLOCKREGION_X0Y4 CLOCKREGION_X0Y5:CLOCKREGION_X0Y5 CLOCKREGION_X0Y6:CLOCKREGION_X0Y6 CLOCKREGION_X1Y0:CLOCKREGION_X1Y0 CLOCKREGION_X1Y1:CLOCKREGION_X1Y1 CLOCKREGION_X1Y2:CLOCKREGION_X1Y2 CLOCKREGION_X1Y3:CLOCKREGION_X1Y3 CLOCKREGION_X1Y4:CLOCKREGION_X1Y4 CLOCKREGION_X1Y5:CLOCKREGION_X1Y5 CLOCKREGION_X1Y6:CLOCKREGION_X1Y6}
#endgroup

# Clock net "ddr3/u_DDR3/u_DDR3_mig/u_ddr3_infrastructure/CLK" driven by instance "ddr3/u_DDR3/u_DDR3_mig/u_ddr3_infrastructure/u_bufg_clkdiv0" located at site "BUFGCTRL_X0Y0"
#startgroup
create_pblock {CLKAG_ddr3/u_DDR3/u_DDR3_mig/u_ddr3_infrastructure/CLK}
add_cells_to_pblock [get_pblocks  {CLKAG_ddr3/u_DDR3/u_DDR3_mig/u_ddr3_infrastructure/CLK}] [get_cells -filter { PRIMITIVE_GROUP != I/O && IS_PRIMITIVE==1 && PRIMITIVE_LEVEL !=INTERNAL && NAME!=infrastructure/C0/inst/mmcm_adv_inst && NAME!=ddr3/u_DDR3/u_DDR3_mig/u_ddr3_infrastructure/gen_mmcm.mmcm_i} -of_object [get_pins -filter {DIRECTION==IN} -of_objects [get_nets -hierarchical -filter {PARENT=="ddr3/u_DDR3/u_DDR3_mig/u_ddr3_infrastructure/CLK"}]]]
resize_pblock [get_pblocks {CLKAG_ddr3/u_DDR3/u_DDR3_mig/u_ddr3_infrastructure/CLK}] -add {CLOCKREGION_X0Y0:CLOCKREGION_X0Y0 CLOCKREGION_X0Y1:CLOCKREGION_X0Y1 CLOCKREGION_X0Y2:CLOCKREGION_X0Y2 CLOCKREGION_X0Y3:CLOCKREGION_X0Y3 CLOCKREGION_X0Y4:CLOCKREGION_X0Y4 CLOCKREGION_X0Y5:CLOCKREGION_X0Y5 CLOCKREGION_X0Y6:CLOCKREGION_X0Y6 CLOCKREGION_X1Y0:CLOCKREGION_X1Y0 CLOCKREGION_X1Y1:CLOCKREGION_X1Y1 CLOCKREGION_X1Y2:CLOCKREGION_X1Y2 CLOCKREGION_X1Y3:CLOCKREGION_X1Y3 CLOCKREGION_X1Y4:CLOCKREGION_X1Y4 CLOCKREGION_X1Y5:CLOCKREGION_X1Y5 CLOCKREGION_X1Y6:CLOCKREGION_X1Y6}
#endgroup

# Clock net "coren_0_6314_BUFG" driven by instance "coren_0_6314_BUFG_inst" located at site "BUFGCTRL_X0Y6"
#startgroup
create_pblock {CLKAG_coren_0_6314_BUFG}
add_cells_to_pblock [get_pblocks  {CLKAG_coren_0_6314_BUFG}] [get_cells -filter { PRIMITIVE_GROUP != I/O && IS_PRIMITIVE==1 && PRIMITIVE_LEVEL !=INTERNAL } -of_object [get_pins -filter {DIRECTION==IN} -of_objects [get_nets -hierarchical -filter {PARENT=="coren_0_6314_BUFG"}]]]
resize_pblock [get_pblocks {CLKAG_coren_0_6314_BUFG}] -add {CLOCKREGION_X0Y0:CLOCKREGION_X0Y0 CLOCKREGION_X0Y1:CLOCKREGION_X0Y1 CLOCKREGION_X0Y2:CLOCKREGION_X0Y2 CLOCKREGION_X0Y3:CLOCKREGION_X0Y3 CLOCKREGION_X0Y4:CLOCKREGION_X0Y4 CLOCKREGION_X0Y5:CLOCKREGION_X0Y5 CLOCKREGION_X0Y6:CLOCKREGION_X0Y6 CLOCKREGION_X1Y0:CLOCKREGION_X1Y0 CLOCKREGION_X1Y1:CLOCKREGION_X1Y1 CLOCKREGION_X1Y2:CLOCKREGION_X1Y2 CLOCKREGION_X1Y3:CLOCKREGION_X1Y3 CLOCKREGION_X1Y4:CLOCKREGION_X1Y4 CLOCKREGION_X1Y5:CLOCKREGION_X1Y5 CLOCKREGION_X1Y6:CLOCKREGION_X1Y6}
#endgroup

# Clock net "anode_OBUF_BUFG[1]" driven by instance "anode_OBUF_BUFG[1]_inst" located at site "BUFGCTRL_X0Y4"
#startgroup
create_pblock {CLKAG_anode_OBUF_BUFG[1]}
add_cells_to_pblock [get_pblocks  {CLKAG_anode_OBUF_BUFG[1]}] [get_cells -filter { PRIMITIVE_GROUP != I/O && IS_PRIMITIVE==1 && PRIMITIVE_LEVEL !=INTERNAL && NAME!=anode_OBUF[1]_inst} -of_object [get_pins -filter {DIRECTION==IN} -of_objects [get_nets -hierarchical -filter {PARENT=="anode_OBUF_BUFG[1]"}]]]
resize_pblock [get_pblocks {CLKAG_anode_OBUF_BUFG[1]}] -add {CLOCKREGION_X0Y0:CLOCKREGION_X0Y0 CLOCKREGION_X0Y1:CLOCKREGION_X0Y1 CLOCKREGION_X0Y2:CLOCKREGION_X0Y2 CLOCKREGION_X0Y3:CLOCKREGION_X0Y3 CLOCKREGION_X0Y4:CLOCKREGION_X0Y4 CLOCKREGION_X0Y5:CLOCKREGION_X0Y5 CLOCKREGION_X0Y6:CLOCKREGION_X0Y6 CLOCKREGION_X1Y0:CLOCKREGION_X1Y0 CLOCKREGION_X1Y1:CLOCKREGION_X1Y1 CLOCKREGION_X1Y2:CLOCKREGION_X1Y2 CLOCKREGION_X1Y3:CLOCKREGION_X1Y3 CLOCKREGION_X1Y4:CLOCKREGION_X1Y4 CLOCKREGION_X1Y5:CLOCKREGION_X1Y5 CLOCKREGION_X1Y6:CLOCKREGION_X1Y6}
#endgroup
